2018-02-26 22:00:06,321  INFO [main] HomePageTest:24 - Successfullly called TestBase Class
2018-02-26 22:00:06,359  INFO [main] HomePageTest:31 - Successfullly called TestBase Class
2018-02-26 22:00:06,376  INFO [main] CalenderPageTest:33 - Calling TestBase class from CalenderPageTest
2018-02-26 22:00:06,391  INFO [main] ContactPageTest:26 - Successfullly called TestBase Class
2018-02-26 22:00:06,457  INFO [main] HomePageTest:29 - Inside setUp of LoginPageTest
2018-02-26 22:00:06,457  INFO [main] HomePageTest:30 - Calling initialize method of TestBase from LoginPageTest class
2018-02-26 22:00:12,692  INFO [main] HomePageTest:32 - Successfully called initialize method of TestBase from LoginPageTest class
2018-02-26 22:00:12,738  INFO [main] HomePageTest:39 - Inside crmLoginPageTitleTest
2018-02-26 22:00:12,767  INFO [main] HomePageTest:59 - Inside tearDown of LoginPageTest
2018-02-26 22:00:12,855  INFO [main] HomePageTest:38 - Inside setUp of HomePageTest
2018-02-26 22:00:12,856  INFO [main] HomePageTest:39 - Calling initialize method of TestBase from HomePageTest class
2018-02-26 22:00:18,396  INFO [main] HomePageTest:43 - Successfully called initialize method of TestBase from HomePageTest class
2018-02-26 22:00:28,028  INFO [main] HomePageTest:56 - Inside validateHomePageTest
2018-02-26 22:00:28,129  INFO [main] HomePageTest:91 - Inside tearDown of HomePageTest
2018-02-26 22:00:28,205  INFO [main] CalenderPageTest:39 - Calling initialize from CalenderPageTest
2018-02-26 22:00:33,723  INFO [main] CalenderPageTest:41 - Successfully called initialize CalenderPageTest
2018-02-26 22:00:45,487  INFO [main] CalenderPageTest:52 - Inside validateCalenderpageTest
2018-02-26 22:00:46,608  INFO [main] ContactPageTest:31 - Inside setUp of ContactPageTest
2018-02-26 22:00:46,608  INFO [main] ContactPageTest:32 - Calling initialize method of TestBase from ContactPageTest class
2018-02-26 22:00:52,482  INFO [main] ContactPageTest:34 - Successfully called initialize method of TestBase from ContactPageTest class
2018-02-26 22:01:00,505  INFO [main] ContactPageTest:46 - Inside validateContactPageTest
2018-02-26 22:01:01,574  INFO [main] ContactPageTest:53 - Inside tearDown of ContactPageTest
2018-02-26 22:01:01,648  INFO [main] HomePageTest:29 - Inside setUp of LoginPageTest
2018-02-26 22:01:01,649  INFO [main] HomePageTest:30 - Calling initialize method of TestBase from LoginPageTest class
2018-02-26 22:01:07,216  INFO [main] HomePageTest:32 - Successfully called initialize method of TestBase from LoginPageTest class
2018-02-26 22:01:07,220  INFO [main] HomePageTest:46 - Inside crmLoginPageLogoTest
2018-02-26 22:01:07,279  INFO [main] HomePageTest:59 - Inside tearDown of LoginPageTest
2018-02-26 23:24:39,157  INFO [main] HomePageTest:31 - Successfullly called TestBase Class
2018-02-26 23:24:39,292  INFO [main] HomePageTest:38 - Inside setUp of HomePageTest
2018-02-26 23:24:39,292  INFO [main] HomePageTest:39 - Calling initialize method of TestBase from HomePageTest class
2018-02-26 23:24:47,613  INFO [main] HomePageTest:43 - Successfully called initialize method of TestBase from HomePageTest class
2018-02-26 23:25:06,521  INFO [main] HomePageTest:56 - Inside validateHomePageTest
2018-02-26 23:25:06,633  INFO [main] HomePageTest:91 - Inside tearDown of HomePageTest
2018-02-26 23:25:06,711  INFO [main] HomePageTest:38 - Inside setUp of HomePageTest
2018-02-26 23:25:06,711  INFO [main] HomePageTest:39 - Calling initialize method of TestBase from HomePageTest class
2018-02-26 23:25:12,495  INFO [main] HomePageTest:43 - Successfully called initialize method of TestBase from HomePageTest class
2018-02-26 23:25:21,760  INFO [main] HomePageTest:64 - Inside clickonCalenderLinkTest
2018-02-26 23:25:21,943  INFO [main] HomePageTest:91 - Inside tearDown of HomePageTest
2018-02-26 23:25:22,038  INFO [main] HomePageTest:38 - Inside setUp of HomePageTest
2018-02-26 23:25:22,038  INFO [main] HomePageTest:39 - Calling initialize method of TestBase from HomePageTest class
2018-02-26 23:25:28,345  INFO [main] HomePageTest:43 - Successfully called initialize method of TestBase from HomePageTest class
2018-02-26 23:25:38,175  INFO [main] HomePageTest:70 - Inside clickoncompaniesLinkTest
2018-02-26 23:25:38,358  INFO [main] HomePageTest:91 - Inside tearDown of HomePageTest
2018-02-26 23:25:38,435  INFO [main] HomePageTest:38 - Inside setUp of HomePageTest
2018-02-26 23:25:38,435  INFO [main] HomePageTest:39 - Calling initialize method of TestBase from HomePageTest class
2018-02-26 23:25:44,234  INFO [main] HomePageTest:43 - Successfully called initialize method of TestBase from HomePageTest class
2018-02-26 23:25:51,519  INFO [main] HomePageTest:77 - Inside clickonContactPageTest
2018-02-26 23:25:51,701  INFO [main] HomePageTest:91 - Inside tearDown of HomePageTest
2018-02-26 23:25:51,776  INFO [main] HomePageTest:38 - Inside setUp of HomePageTest
2018-02-26 23:25:51,776  INFO [main] HomePageTest:39 - Calling initialize method of TestBase from HomePageTest class
2018-02-26 23:25:57,480  INFO [main] HomePageTest:43 - Successfully called initialize method of TestBase from HomePageTest class
2018-02-26 23:26:10,566  INFO [main] HomePageTest:85 - Inside clickondealslinktest class
2018-02-26 23:26:10,746  INFO [main] HomePageTest:91 - Inside tearDown of HomePageTest
2018-02-26 23:28:07,295  INFO [main] HomePageTest:24 - Successfullly called TestBase Class
2018-02-26 23:28:07,328  INFO [main] HomePageTest:31 - Successfullly called TestBase Class
2018-02-26 23:28:07,337  INFO [main] CalenderPageTest:33 - Calling TestBase class from CalenderPageTest
2018-02-26 23:28:07,343  INFO [main] ContactPageTest:26 - Successfullly called TestBase Class
2018-02-26 23:28:07,408  INFO [main] HomePageTest:29 - Inside setUp of LoginPageTest
2018-02-26 23:28:07,409  INFO [main] HomePageTest:30 - Calling initialize method of TestBase from LoginPageTest class
2018-02-26 23:28:15,193  INFO [main] HomePageTest:32 - Successfully called initialize method of TestBase from LoginPageTest class
2018-02-26 23:28:15,231  INFO [main] HomePageTest:39 - Inside crmLoginPageTitleTest
2018-02-26 23:28:15,250  INFO [main] HomePageTest:59 - Inside tearDown of LoginPageTest
2018-02-26 23:28:15,335  INFO [main] HomePageTest:38 - Inside setUp of HomePageTest
2018-02-26 23:28:15,335  INFO [main] HomePageTest:39 - Calling initialize method of TestBase from HomePageTest class
2018-02-26 23:28:20,847  INFO [main] HomePageTest:43 - Successfully called initialize method of TestBase from HomePageTest class
2018-02-26 23:28:32,041  INFO [main] HomePageTest:56 - Inside validateHomePageTest
2018-02-26 23:28:32,144  INFO [main] HomePageTest:91 - Inside tearDown of HomePageTest
2018-02-26 23:28:32,226  INFO [main] CalenderPageTest:39 - Calling initialize from CalenderPageTest
2018-02-26 23:28:33,309  INFO [main] ContactPageTest:31 - Inside setUp of ContactPageTest
2018-02-26 23:28:33,315  INFO [main] ContactPageTest:32 - Calling initialize method of TestBase from ContactPageTest class
2018-02-26 23:28:33,331  INFO [main] HomePageTest:29 - Inside setUp of LoginPageTest
2018-02-26 23:28:33,332  INFO [main] HomePageTest:30 - Calling initialize method of TestBase from LoginPageTest class
2018-02-26 23:30:40,477  INFO [main] HomePageTest:24 - Successfullly called TestBase Class
2018-02-26 23:30:40,510  INFO [main] HomePageTest:31 - Successfullly called TestBase Class
2018-02-26 23:30:40,521  INFO [main] CalenderPageTest:33 - Calling TestBase class from CalenderPageTest
2018-02-26 23:30:40,528  INFO [main] ContactPageTest:26 - Successfullly called TestBase Class
2018-02-26 23:30:40,594  INFO [main] HomePageTest:29 - Inside setUp of LoginPageTest
2018-02-26 23:30:40,594  INFO [main] HomePageTest:30 - Calling initialize method of TestBase from LoginPageTest class
2018-02-26 23:30:40,651  INFO [main] HomePageTest:38 - Inside setUp of HomePageTest
2018-02-26 23:30:40,651  INFO [main] HomePageTest:39 - Calling initialize method of TestBase from HomePageTest class
2018-02-26 23:30:40,663  INFO [main] CalenderPageTest:39 - Calling initialize from CalenderPageTest
2018-02-26 23:30:40,672  INFO [main] ContactPageTest:31 - Inside setUp of ContactPageTest
2018-02-26 23:30:40,673  INFO [main] ContactPageTest:32 - Calling initialize method of TestBase from ContactPageTest class
2018-02-26 23:31:25,403  INFO [main] HomePageTest:24 - Successfullly called TestBase Class
2018-02-26 23:31:25,427  INFO [main] HomePageTest:31 - Successfullly called TestBase Class
2018-02-26 23:31:25,434  INFO [main] CalenderPageTest:33 - Calling TestBase class from CalenderPageTest
2018-02-26 23:31:25,441  INFO [main] ContactPageTest:26 - Successfullly called TestBase Class
2018-02-26 23:31:25,507  INFO [main] HomePageTest:29 - Inside setUp of LoginPageTest
2018-02-26 23:31:25,507  INFO [main] HomePageTest:30 - Calling initialize method of TestBase from LoginPageTest class
2018-02-26 23:31:32,167  INFO [main] HomePageTest:32 - Successfully called initialize method of TestBase from LoginPageTest class
2018-02-26 23:31:32,209  INFO [main] HomePageTest:39 - Inside crmLoginPageTitleTest
2018-02-26 23:31:32,238  INFO [main] HomePageTest:59 - Inside tearDown of LoginPageTest
2018-02-26 23:31:32,327  INFO [main] HomePageTest:38 - Inside setUp of HomePageTest
2018-02-26 23:31:32,328  INFO [main] HomePageTest:39 - Calling initialize method of TestBase from HomePageTest class
2018-02-26 23:31:40,078  INFO [main] HomePageTest:43 - Successfully called initialize method of TestBase from HomePageTest class
2018-02-26 23:31:52,004  INFO [main] HomePageTest:56 - Inside validateHomePageTest
2018-02-26 23:31:52,104  INFO [main] HomePageTest:91 - Inside tearDown of HomePageTest
2018-02-26 23:31:52,186  INFO [main] CalenderPageTest:39 - Calling initialize from CalenderPageTest
2018-02-26 23:31:58,226  INFO [main] CalenderPageTest:41 - Successfully called initialize CalenderPageTest
2018-02-26 23:32:12,179  INFO [main] CalenderPageTest:52 - Inside validateCalenderpageTest
2018-02-26 23:32:13,352  INFO [main] ContactPageTest:31 - Inside setUp of ContactPageTest
2018-02-26 23:32:13,352  INFO [main] ContactPageTest:32 - Calling initialize method of TestBase from ContactPageTest class
2018-02-26 23:32:18,914  INFO [main] ContactPageTest:34 - Successfully called initialize method of TestBase from ContactPageTest class
2018-02-26 23:32:26,272  INFO [main] ContactPageTest:46 - Inside validateContactPageTest
2018-02-26 23:32:27,328  INFO [main] ContactPageTest:53 - Inside tearDown of ContactPageTest
2018-02-26 23:32:27,405  INFO [main] HomePageTest:29 - Inside setUp of LoginPageTest
2018-02-26 23:32:27,405  INFO [main] HomePageTest:30 - Calling initialize method of TestBase from LoginPageTest class
2018-02-26 23:32:33,280  INFO [main] HomePageTest:32 - Successfully called initialize method of TestBase from LoginPageTest class
2018-02-26 23:32:33,283  INFO [main] HomePageTest:46 - Inside crmLoginPageLogoTest
2018-02-26 23:32:33,337  INFO [main] HomePageTest:59 - Inside tearDown of LoginPageTest
2018-02-27 00:12:03,579  INFO [main] HomePageTest:24 - Successfullly called TestBase Class
2018-02-27 00:12:03,609  INFO [main] HomePageTest:31 - Successfullly called TestBase Class
2018-02-27 00:12:03,619  INFO [main] CalenderPageTest:33 - Calling TestBase class from CalenderPageTest
2018-02-27 00:12:03,625  INFO [main] ContactPageTest:26 - Successfullly called TestBase Class
2018-02-27 00:12:03,680  INFO [main] HomePageTest:29 - Inside setUp of LoginPageTest
2018-02-27 00:12:03,681  INFO [main] HomePageTest:30 - Calling initialize method of TestBase from LoginPageTest class
2018-02-27 00:12:10,274  INFO [main] HomePageTest:32 - Successfully called initialize method of TestBase from LoginPageTest class
2018-02-27 00:12:10,336  INFO [main] HomePageTest:39 - Inside crmLoginPageTitleTest
2018-02-27 00:12:10,355  INFO [main] HomePageTest:59 - Inside tearDown of LoginPageTest
2018-02-27 00:12:10,445  INFO [main] HomePageTest:38 - Inside setUp of HomePageTest
2018-02-27 00:12:10,446  INFO [main] HomePageTest:39 - Calling initialize method of TestBase from HomePageTest class
2018-02-27 00:12:16,589  INFO [main] HomePageTest:43 - Successfully called initialize method of TestBase from HomePageTest class
2018-02-27 00:12:28,391  INFO [main] HomePageTest:56 - Inside validateHomePageTest
2018-02-27 00:12:28,485  INFO [main] HomePageTest:91 - Inside tearDown of HomePageTest
2018-02-27 00:12:28,572  INFO [main] CalenderPageTest:39 - Calling initialize from CalenderPageTest
2018-02-27 00:12:34,268  INFO [main] CalenderPageTest:41 - Successfully called initialize CalenderPageTest
2018-02-27 00:12:47,262  INFO [main] CalenderPageTest:52 - Inside validateCalenderpageTest
2018-02-27 00:12:48,406  INFO [main] ContactPageTest:31 - Inside setUp of ContactPageTest
2018-02-27 00:12:48,406  INFO [main] ContactPageTest:32 - Calling initialize method of TestBase from ContactPageTest class
2018-02-27 00:12:54,423  INFO [main] ContactPageTest:34 - Successfully called initialize method of TestBase from ContactPageTest class
2018-02-27 00:13:04,117  INFO [main] ContactPageTest:46 - Inside validateContactPageTest
2018-02-27 00:13:05,161  INFO [main] ContactPageTest:53 - Inside tearDown of ContactPageTest
2018-02-27 00:13:05,240  INFO [main] HomePageTest:29 - Inside setUp of LoginPageTest
2018-02-27 00:13:05,240  INFO [main] HomePageTest:30 - Calling initialize method of TestBase from LoginPageTest class
2018-02-27 00:13:11,155  INFO [main] HomePageTest:32 - Successfully called initialize method of TestBase from LoginPageTest class
2018-02-27 00:13:11,157  INFO [main] HomePageTest:46 - Inside crmLoginPageLogoTest
2018-02-27 00:13:11,208  INFO [main] HomePageTest:59 - Inside tearDown of LoginPageTest
2018-02-27 01:04:03,994  INFO [main] HomePageTest:24 - Successfullly called TestBase Class
2018-02-27 01:04:04,081  INFO [main] HomePageTest:29 - Inside setUp of LoginPageTest
2018-02-27 01:04:04,081  INFO [main] HomePageTest:30 - Calling initialize method of TestBase from LoginPageTest class
2018-02-27 01:04:11,377  INFO [main] HomePageTest:32 - Successfully called initialize method of TestBase from LoginPageTest class
2018-02-27 01:04:11,413  INFO [main] HomePageTest:39 - Inside crmLoginPageTitleTest
2018-02-27 01:04:11,432  INFO [main] HomePageTest:59 - Inside tearDown of LoginPageTest
2018-02-27 01:04:11,512  INFO [main] HomePageTest:29 - Inside setUp of LoginPageTest
2018-02-27 01:04:11,513  INFO [main] HomePageTest:30 - Calling initialize method of TestBase from LoginPageTest class
2018-02-27 01:04:17,606  INFO [main] HomePageTest:32 - Successfully called initialize method of TestBase from LoginPageTest class
2018-02-27 01:04:17,609  INFO [main] HomePageTest:46 - Inside crmLoginPageLogoTest
2018-02-27 01:04:17,667  INFO [main] HomePageTest:59 - Inside tearDown of LoginPageTest
2018-02-27 01:04:17,744  INFO [main] HomePageTest:29 - Inside setUp of LoginPageTest
2018-02-27 01:04:17,744  INFO [main] HomePageTest:30 - Calling initialize method of TestBase from LoginPageTest class
2018-02-27 01:04:24,447  INFO [main] HomePageTest:32 - Successfully called initialize method of TestBase from LoginPageTest class
2018-02-27 01:04:24,449  INFO [main] HomePageTest:53 - Inside crmValideUserLoginTest
2018-02-27 01:04:37,325  INFO [main] HomePageTest:59 - Inside tearDown of LoginPageTest
2018-02-27 01:06:41,143  INFO [main] HomePageTest:31 - Successfullly called TestBase Class
2018-02-27 01:06:41,232  INFO [main] HomePageTest:38 - Inside setUp of HomePageTest
2018-02-27 01:06:41,232  INFO [main] HomePageTest:39 - Calling initialize method of TestBase from HomePageTest class
2018-02-27 01:06:48,787  INFO [main] HomePageTest:43 - Successfully called initialize method of TestBase from HomePageTest class
2018-02-27 01:07:01,288  INFO [main] HomePageTest:55 - Inside validateHomePageTest
2018-02-27 01:07:01,387  INFO [main] HomePageTest:91 - Inside tearDown of HomePageTest
2018-02-27 01:07:01,469  INFO [main] HomePageTest:38 - Inside setUp of HomePageTest
2018-02-27 01:07:01,469  INFO [main] HomePageTest:39 - Calling initialize method of TestBase from HomePageTest class
2018-02-27 01:07:07,938  INFO [main] HomePageTest:43 - Successfully called initialize method of TestBase from HomePageTest class
2018-02-27 01:07:18,182  INFO [main] HomePageTest:63 - Inside clickonCalenderLinkTest
2018-02-27 01:07:18,356  INFO [main] HomePageTest:91 - Inside tearDown of HomePageTest
2018-02-27 01:07:18,439  INFO [main] HomePageTest:38 - Inside setUp of HomePageTest
2018-02-27 01:07:18,439  INFO [main] HomePageTest:39 - Calling initialize method of TestBase from HomePageTest class
2018-02-27 01:07:25,401  INFO [main] HomePageTest:43 - Successfully called initialize method of TestBase from HomePageTest class
2018-02-27 01:07:37,131  INFO [main] HomePageTest:70 - Inside clickoncompaniesLinkTest
2018-02-27 01:07:37,308  INFO [main] HomePageTest:91 - Inside tearDown of HomePageTest
2018-02-27 01:07:37,385  INFO [main] HomePageTest:38 - Inside setUp of HomePageTest
2018-02-27 01:07:37,385  INFO [main] HomePageTest:39 - Calling initialize method of TestBase from HomePageTest class
2018-02-27 01:07:43,935  INFO [main] HomePageTest:43 - Successfully called initialize method of TestBase from HomePageTest class
2018-02-27 01:07:52,156  INFO [main] HomePageTest:77 - Inside clickonContactPageTest
2018-02-27 01:07:52,326  INFO [main] HomePageTest:91 - Inside tearDown of HomePageTest
2018-02-27 01:07:52,411  INFO [main] HomePageTest:38 - Inside setUp of HomePageTest
2018-02-27 01:07:52,411  INFO [main] HomePageTest:39 - Calling initialize method of TestBase from HomePageTest class
2018-02-27 01:07:59,075  INFO [main] HomePageTest:43 - Successfully called initialize method of TestBase from HomePageTest class
2018-02-27 01:08:07,645  INFO [main] HomePageTest:85 - Inside clickondealslinktest class
2018-02-27 01:08:07,816  INFO [main] HomePageTest:91 - Inside tearDown of HomePageTest
2018-04-09 22:10:14,303  INFO [main] HomePageTest:24 - Successfullly called TestBase Class
2018-04-09 22:10:14,531  INFO [main] HomePageTest:29 - Inside setUp of LoginPageTest
2018-04-09 22:10:14,531  INFO [main] HomePageTest:30 - Calling initialize method of TestBase from LoginPageTest class
2018-04-09 22:10:22,698  INFO [main] HomePageTest:32 - Successfully called initialize method of TestBase from LoginPageTest class
2018-04-09 22:10:22,840  INFO [main] HomePageTest:39 - Inside crmLoginPageTitleTest
2018-04-09 22:10:22,879  INFO [main] HomePageTest:59 - Inside tearDown of LoginPageTest
2018-04-09 22:10:22,962  INFO [main] HomePageTest:29 - Inside setUp of LoginPageTest
2018-04-09 22:10:22,963  INFO [main] HomePageTest:30 - Calling initialize method of TestBase from LoginPageTest class
2018-04-09 22:10:28,703  INFO [main] HomePageTest:32 - Successfully called initialize method of TestBase from LoginPageTest class
2018-04-09 22:10:28,708  INFO [main] HomePageTest:46 - Inside crmLoginPageLogoTest
2018-04-09 22:10:28,779  INFO [main] HomePageTest:59 - Inside tearDown of LoginPageTest
2018-04-09 22:10:28,855  INFO [main] HomePageTest:29 - Inside setUp of LoginPageTest
2018-04-09 22:10:28,855  INFO [main] HomePageTest:30 - Calling initialize method of TestBase from LoginPageTest class
2018-04-09 22:10:35,254  INFO [main] HomePageTest:32 - Successfully called initialize method of TestBase from LoginPageTest class
2018-04-09 22:10:35,256  INFO [main] HomePageTest:53 - Inside crmValideUserLoginTest
2018-04-09 22:10:45,651  INFO [main] HomePageTest:59 - Inside tearDown of LoginPageTest
<<<<<<< HEAD
2018-05-11 17:34:43,777  INFO [main] ContactPageTest:26 - Successfullly called TestBase Class
2018-05-11 17:34:43,825  INFO [main] HomePageTest:24 - Successfullly called TestBase Class
2018-05-11 17:34:43,832  INFO [main] CalenderPageTest:33 - Calling TestBase class from CalenderPageTest
2018-05-11 17:34:43,841  INFO [main] HomePageTest:31 - Successfullly called TestBase Class
2018-05-11 17:34:43,888  INFO [main] ContactPageTest:31 - Inside setUp of ContactPageTest
2018-05-11 17:34:43,888  INFO [main] ContactPageTest:32 - Calling initialize method of TestBase from ContactPageTest class
2018-05-11 17:35:00,827  INFO [main] ContactPageTest:34 - Successfully called initialize method of TestBase from ContactPageTest class
2018-05-11 17:35:00,946  INFO [main] HomePageTest:29 - Inside setUp of LoginPageTest
2018-05-11 17:35:00,946  INFO [main] HomePageTest:30 - Calling initialize method of TestBase from LoginPageTest class
2018-05-11 17:35:00,950  INFO [main] CalenderPageTest:39 - Calling initialize from CalenderPageTest
2018-05-11 17:35:00,953  INFO [main] HomePageTest:38 - Inside setUp of HomePageTest
2018-05-11 17:35:00,954  INFO [main] HomePageTest:39 - Calling initialize method of TestBase from HomePageTest class
2018-05-11 17:35:00,965  INFO [main] CalenderPageTest:66 - Using data provider
2018-05-11 17:35:00,966  INFO [main] CalenderPageTest:67 - Calling TestData method present inside TestUtil Class
2018-05-11 17:35:02,637  INFO [main] CalenderPageTest:69 - Called TestData method present inside TestUtil Class and returing 2d array
2018-06-01 21:31:54,681  INFO [main] CalenderPageTest:33 - Calling TestBase class from CalenderPageTest
2018-06-01 21:31:54,905  INFO [main] CalenderPageTest:39 - Calling initialize from CalenderPageTest
2018-06-01 21:32:06,847  INFO [main] CalenderPageTest:41 - Successfully called initialize CalenderPageTest
2018-06-01 21:32:21,366  INFO [main] CalenderPageTest:52 - Inside validateCalenderpageTest
2018-06-01 21:32:22,562  INFO [main] CalenderPageTest:39 - Calling initialize from CalenderPageTest
2018-06-01 21:32:29,574  INFO [main] CalenderPageTest:41 - Successfully called initialize CalenderPageTest
2018-06-01 21:32:39,212  INFO [main] CalenderPageTest:58 - Inside validateNewEventPageTest
2018-06-01 21:32:39,592  INFO [main] CalenderPageTest:66 - Using data provider
2018-06-01 21:32:39,593  INFO [main] CalenderPageTest:67 - Calling TestData method present inside TestUtil Class
2018-06-01 21:32:41,384  INFO [main] CalenderPageTest:69 - Called TestData method present inside TestUtil Class and returing 2d array
2018-06-01 21:32:41,411  INFO [main] CalenderPageTest:39 - Calling initialize from CalenderPageTest
2018-06-01 21:32:48,643  INFO [main] CalenderPageTest:41 - Successfully called initialize CalenderPageTest
2018-06-01 21:32:55,205  INFO [main] CalenderPageTest:75 - Inside createNewEventTest method
2018-06-01 21:33:06,770  INFO [main] CalenderPageTest:39 - Calling initialize from CalenderPageTest
2018-06-01 21:33:13,995  INFO [main] CalenderPageTest:41 - Successfully called initialize CalenderPageTest
2018-06-01 21:33:24,400  INFO [main] CalenderPageTest:75 - Inside createNewEventTest method
2018-06-01 21:33:26,540  INFO [main] CalenderPageTest:39 - Calling initialize from CalenderPageTest
2018-06-01 21:33:34,214  INFO [main] CalenderPageTest:41 - Successfully called initialize CalenderPageTest
2018-06-01 21:33:44,590  INFO [main] CalenderPageTest:75 - Inside createNewEventTest method
2018-06-01 21:33:56,068  INFO [main] CalenderPageTest:39 - Calling initialize from CalenderPageTest
2018-06-01 21:34:04,147  INFO [main] CalenderPageTest:41 - Successfully called initialize CalenderPageTest
2018-06-01 21:34:10,384  INFO [main] CalenderPageTest:75 - Inside createNewEventTest method
2018-06-01 21:34:12,555  INFO [main] CalenderPageTest:39 - Calling initialize from CalenderPageTest
2018-06-01 21:34:21,753  INFO [main] CalenderPageTest:41 - Successfully called initialize CalenderPageTest
2018-06-01 21:34:28,081  INFO [main] CalenderPageTest:75 - Inside createNewEventTest method
=======
2018-05-06 12:34:56,131  INFO [main] HomePageTest:24 - Successfullly called TestBase Class
2018-05-06 12:34:56,138  INFO [main] HomePageTest:31 - Successfullly called TestBase Class
2018-05-06 12:34:56,140  INFO [main] ContactPageTest:26 - Successfullly called TestBase Class
2018-05-06 12:34:56,142  INFO [main] CalenderPageTest:33 - Calling TestBase class from CalenderPageTest
2018-05-06 12:34:56,294  INFO [main] HomePageTest:29 - Inside setUp of LoginPageTest
2018-05-06 12:34:56,294  INFO [main] HomePageTest:30 - Calling initialize method of TestBase from LoginPageTest class
2018-05-06 12:35:08,477  INFO [main] HomePageTest:32 - Successfully called initialize method of TestBase from LoginPageTest class
2018-05-06 12:35:08,592  INFO [main] HomePageTest:39 - Inside crmLoginPageTitleTest
2018-05-06 12:35:08,649  INFO [main] HomePageTest:59 - Inside tearDown of LoginPageTest
2018-05-06 12:35:09,487  INFO [main] HomePageTest:29 - Inside setUp of LoginPageTest
2018-05-06 12:35:09,488  INFO [main] HomePageTest:30 - Calling initialize method of TestBase from LoginPageTest class
2018-05-06 12:35:19,339  INFO [main] HomePageTest:32 - Successfully called initialize method of TestBase from LoginPageTest class
2018-05-06 12:35:19,343  INFO [main] HomePageTest:46 - Inside crmLoginPageLogoTest
2018-05-06 12:35:19,509  INFO [main] HomePageTest:59 - Inside tearDown of LoginPageTest
2018-05-06 12:35:20,353  INFO [main] HomePageTest:29 - Inside setUp of LoginPageTest
2018-05-06 12:35:20,354  INFO [main] HomePageTest:30 - Calling initialize method of TestBase from LoginPageTest class
2018-05-06 12:35:32,182  INFO [main] HomePageTest:32 - Successfully called initialize method of TestBase from LoginPageTest class
2018-05-06 12:35:32,185  INFO [main] HomePageTest:53 - Inside crmValideUserLoginTest
2018-05-06 12:35:43,020  INFO [main] HomePageTest:59 - Inside tearDown of LoginPageTest
2018-05-06 12:35:43,879  INFO [main] HomePageTest:38 - Inside setUp of HomePageTest
2018-05-06 12:35:43,879  INFO [main] HomePageTest:39 - Calling initialize method of TestBase from HomePageTest class
2018-05-06 12:35:55,417  INFO [main] HomePageTest:43 - Successfully called initialize method of TestBase from HomePageTest class
2018-05-06 12:36:03,753  INFO [main] HomePageTest:55 - Inside validateHomePageTest
2018-05-06 12:36:03,874  INFO [main] HomePageTest:91 - Inside tearDown of HomePageTest
2018-05-06 12:36:04,692  INFO [main] HomePageTest:38 - Inside setUp of HomePageTest
2018-05-06 12:36:04,692  INFO [main] HomePageTest:39 - Calling initialize method of TestBase from HomePageTest class
2018-05-06 12:36:13,983  INFO [main] HomePageTest:43 - Successfully called initialize method of TestBase from HomePageTest class
2018-05-06 12:36:22,733  INFO [main] HomePageTest:63 - Inside clickonCalenderLinkTest
2018-05-06 12:36:22,987  INFO [main] HomePageTest:91 - Inside tearDown of HomePageTest
2018-05-06 12:36:23,868  INFO [main] HomePageTest:38 - Inside setUp of HomePageTest
2018-05-06 12:36:23,869  INFO [main] HomePageTest:39 - Calling initialize method of TestBase from HomePageTest class
2018-05-06 12:36:33,597  INFO [main] HomePageTest:43 - Successfully called initialize method of TestBase from HomePageTest class
2018-05-06 12:36:43,644  INFO [main] HomePageTest:70 - Inside clickoncompaniesLinkTest
2018-05-06 12:36:43,897  INFO [main] HomePageTest:91 - Inside tearDown of HomePageTest
2018-05-06 12:36:44,719  INFO [main] HomePageTest:38 - Inside setUp of HomePageTest
2018-05-06 12:36:44,720  INFO [main] HomePageTest:39 - Calling initialize method of TestBase from HomePageTest class
2018-05-06 12:36:54,289  INFO [main] HomePageTest:43 - Successfully called initialize method of TestBase from HomePageTest class
2018-05-06 12:37:04,774  INFO [main] HomePageTest:77 - Inside clickonContactPageTest
2018-05-06 12:37:04,995  INFO [main] HomePageTest:91 - Inside tearDown of HomePageTest
2018-05-06 12:37:05,805  INFO [main] HomePageTest:38 - Inside setUp of HomePageTest
2018-05-06 12:37:05,806  INFO [main] HomePageTest:39 - Calling initialize method of TestBase from HomePageTest class
2018-05-06 12:37:15,532  INFO [main] HomePageTest:43 - Successfully called initialize method of TestBase from HomePageTest class
2018-05-06 12:37:22,927  INFO [main] HomePageTest:85 - Inside clickondealslinktest class
2018-05-06 12:37:23,431  INFO [main] HomePageTest:91 - Inside tearDown of HomePageTest
2018-05-06 12:37:24,269  INFO [main] CalenderPageTest:39 - Calling initialize from CalenderPageTest
2018-05-06 12:37:33,575  INFO [main] CalenderPageTest:41 - Successfully called initialize CalenderPageTest
2018-05-06 12:37:42,652  INFO [main] CalenderPageTest:52 - Inside validateCalenderpageTest
2018-05-06 12:37:44,586  INFO [main] CalenderPageTest:39 - Calling initialize from CalenderPageTest
2018-05-06 12:37:52,757  INFO [main] CalenderPageTest:41 - Successfully called initialize CalenderPageTest
2018-05-06 12:37:59,764  INFO [main] CalenderPageTest:58 - Inside validateNewEventPageTest
2018-05-06 12:38:01,515  INFO [main] CalenderPageTest:66 - Using data provider
2018-05-06 12:38:01,516  INFO [main] CalenderPageTest:67 - Calling TestData method present inside TestUtil Class
2018-05-06 12:38:01,537  INFO [main] ContactPageTest:31 - Inside setUp of ContactPageTest
2018-05-06 12:38:01,539  INFO [main] ContactPageTest:32 - Calling initialize method of TestBase from ContactPageTest class
2018-05-06 12:38:09,362  INFO [main] ContactPageTest:34 - Successfully called initialize method of TestBase from ContactPageTest class
2018-05-06 12:38:16,084  INFO [main] ContactPageTest:46 - Inside validateContactPageTest
2018-05-06 12:38:17,189  INFO [main] ContactPageTest:53 - Inside tearDown of ContactPageTest
>>>>>>> 95eb373b6d7c906731862ea52824ba3133b9d45d
2018-10-23 00:24:45,647  INFO [main] ContactPageTest:26 - Successfullly called TestBase Class
2018-10-23 00:24:45,674  INFO [main] HomePageTest:31 - Successfullly called TestBase Class
2018-10-23 00:24:45,676  INFO [main] HomePageTest:24 - Successfullly called TestBase Class
2018-10-23 00:24:45,678  INFO [main] CalenderPageTest:33 - Calling TestBase class from CalenderPageTest
2018-10-23 00:24:45,834  INFO [main] ContactPageTest:31 - Inside setUp of ContactPageTest
2018-10-23 00:24:45,835  INFO [main] ContactPageTest:32 - Calling initialize method of TestBase from ContactPageTest class
2018-10-23 00:24:45,846  INFO [main] HomePageTest:29 - Inside setUp of LoginPageTest
2018-10-23 00:24:45,847  INFO [main] HomePageTest:30 - Calling initialize method of TestBase from LoginPageTest class
2018-10-23 00:24:45,853  INFO [main] CalenderPageTest:39 - Calling initialize from CalenderPageTest
2018-10-23 00:24:45,857  INFO [main] CalenderPageTest:66 - Using data provider
2018-10-23 00:24:45,858  INFO [main] CalenderPageTest:67 - Calling TestData method present inside TestUtil Class
2018-10-23 00:24:48,205  INFO [main] HomePageTest:38 - Inside setUp of HomePageTest
2018-10-23 00:24:48,206  INFO [main] HomePageTest:39 - Calling initialize method of TestBase from HomePageTest class
2018-10-23 00:25:47,793  INFO [main] ContactPageTest:26 - Successfullly called TestBase Class
2018-10-23 00:25:47,800  INFO [main] HomePageTest:31 - Successfullly called TestBase Class
2018-10-23 00:25:47,801  INFO [main] HomePageTest:24 - Successfullly called TestBase Class
2018-10-23 00:25:47,802  INFO [main] CalenderPageTest:33 - Calling TestBase class from CalenderPageTest
2018-10-23 00:25:47,895  INFO [main] ContactPageTest:31 - Inside setUp of ContactPageTest
2018-10-23 00:25:47,895  INFO [main] ContactPageTest:32 - Calling initialize method of TestBase from ContactPageTest class
2018-10-23 00:25:47,909  INFO [main] HomePageTest:29 - Inside setUp of LoginPageTest
2018-10-23 00:25:47,909  INFO [main] HomePageTest:30 - Calling initialize method of TestBase from LoginPageTest class
2018-10-23 00:25:47,919  INFO [main] CalenderPageTest:39 - Calling initialize from CalenderPageTest
2018-10-23 00:25:47,925  INFO [main] CalenderPageTest:66 - Using data provider
2018-10-23 00:25:47,926  INFO [main] CalenderPageTest:67 - Calling TestData method present inside TestUtil Class
2018-10-23 00:25:47,945  INFO [main] HomePageTest:38 - Inside setUp of HomePageTest
2018-10-23 00:25:47,946  INFO [main] HomePageTest:39 - Calling initialize method of TestBase from HomePageTest class
2018-10-24 00:00:13,357  INFO [main] HomePageTest:24 - Successfullly called TestBase Class
2018-10-24 00:00:13,448  INFO [main] HomePageTest:31 - Successfullly called TestBase Class
2018-10-24 00:00:13,470  INFO [main] CalenderPageTest:33 - Calling TestBase class from CalenderPageTest
2018-10-24 00:00:13,482  INFO [main] ContactPageTest:26 - Successfullly called TestBase Class
2018-10-24 00:00:13,544  INFO [main] HomePageTest:29 - Inside setUp of LoginPageTest
2018-10-24 00:00:13,544  INFO [main] HomePageTest:30 - Calling initialize method of TestBase from LoginPageTest class
2018-10-24 00:00:22,792  INFO [main] HomePageTest:32 - Successfully called initialize method of TestBase from LoginPageTest class
2018-10-24 00:00:22,859  INFO [main] HomePageTest:39 - Inside crmLoginPageTitleTest
2018-10-24 00:00:22,877  INFO [main] HomePageTest:59 - Inside tearDown of LoginPageTest
2018-10-24 00:00:22,952  INFO [main] HomePageTest:38 - Inside setUp of HomePageTest
2018-10-24 00:00:22,953  INFO [main] HomePageTest:39 - Calling initialize method of TestBase from HomePageTest class
2018-10-24 00:00:28,802  INFO [main] HomePageTest:43 - Successfully called initialize method of TestBase from HomePageTest class
2018-10-24 00:00:37,947  INFO [main] HomePageTest:55 - Inside validateHomePageTest
2018-10-24 00:00:58,185  INFO [main] HomePageTest:97 - Inside tearDown of HomePageTest
2018-10-24 00:00:58,262  INFO [main] CalenderPageTest:39 - Calling initialize from CalenderPageTest
2018-10-24 00:01:03,989  INFO [main] CalenderPageTest:41 - Successfully called initialize CalenderPageTest
2018-10-24 00:01:13,009  INFO [main] CalenderPageTest:52 - Inside validateCalenderpageTest
2018-10-24 00:01:14,310  INFO [main] ContactPageTest:31 - Inside setUp of ContactPageTest
2018-10-24 00:01:14,310  INFO [main] ContactPageTest:32 - Calling initialize method of TestBase from ContactPageTest class
2018-10-24 00:01:20,169  INFO [main] ContactPageTest:34 - Successfully called initialize method of TestBase from ContactPageTest class
2018-10-24 00:01:28,806  INFO [main] ContactPageTest:46 - Inside validateContactPageTest
2018-10-24 00:01:30,397  INFO [main] ContactPageTest:53 - Inside tearDown of ContactPageTest
2018-10-26 23:22:54,439  INFO [main] HomePageTest:24 - Successfullly called TestBase Class
2018-10-26 23:22:54,603  INFO [main] HomePageTest:31 - Successfullly called TestBase Class
2018-10-26 23:22:54,618  INFO [main] CalenderPageTest:33 - Calling TestBase class from CalenderPageTest
2018-10-26 23:22:54,625  INFO [main] ContactPageTest:26 - Successfullly called TestBase Class
2018-10-26 23:22:54,791  INFO [main] HomePageTest:29 - Inside setUp of LoginPageTest
2018-10-26 23:22:54,792  INFO [main] HomePageTest:30 - Calling initialize method of TestBase from LoginPageTest class
2018-10-26 23:24:09,874  INFO [main] HomePageTest:32 - Successfully called initialize method of TestBase from LoginPageTest class
2018-10-26 23:24:11,159  INFO [main] HomePageTest:39 - Inside crmLoginPageTitleTest
2018-10-26 23:24:11,533  INFO [main] HomePageTest:59 - Inside tearDown of LoginPageTest
2018-10-26 23:24:12,768  INFO [main] HomePageTest:38 - Inside setUp of HomePageTest
2018-10-26 23:24:12,770  INFO [main] HomePageTest:39 - Calling initialize method of TestBase from HomePageTest class
2018-10-26 23:24:38,222  INFO [main] HomePageTest:43 - Successfully called initialize method of TestBase from HomePageTest class
2018-10-26 23:24:50,590  INFO [main] HomePageTest:55 - Inside validateHomePageTest
2018-10-26 23:25:11,337  INFO [main] HomePageTest:97 - Inside tearDown of HomePageTest
2018-10-26 23:25:11,520  INFO [main] CalenderPageTest:39 - Calling initialize from CalenderPageTest
2018-10-26 23:25:24,862  INFO [main] CalenderPageTest:41 - Successfully called initialize CalenderPageTest
2018-10-26 23:25:33,809  INFO [main] CalenderPageTest:52 - Inside validateCalenderpageTest
2018-10-26 23:25:36,074  INFO [main] ContactPageTest:31 - Inside setUp of ContactPageTest
2018-10-26 23:25:36,075  INFO [main] ContactPageTest:32 - Calling initialize method of TestBase from ContactPageTest class
